0 info it worked if it ends with ok
1 verbose cli [ 'C:\\Program Files\\nodejs\\node.exe',
1 verbose cli   'C:\\Program Files\\nodejs\\node_modules\\npm\\bin\\npm-cli.js',
1 verbose cli   'start' ]
2 info using npm@3.10.10
3 info using node@v6.11.4
4 verbose run-script [ 'prestart', 'start', 'poststart' ]
5 info lifecycle react-native-webrtc-server@0.0.1~prestart: react-native-webrtc-server@0.0.1
6 silly lifecycle react-native-webrtc-server@0.0.1~prestart: no script for prestart, continuing
7 info lifecycle react-native-webrtc-server@0.0.1~start: react-native-webrtc-server@0.0.1
8 verbose lifecycle react-native-webrtc-server@0.0.1~start: unsafe-perm in lifecycle true
9 verbose lifecycle react-native-webrtc-server@0.0.1~start: PATH: C:\Program Files\nodejs\node_modules\npm\bin\node-gyp-bin;C:\Users\Punkrawk\Desktop\test video\RCTWebRTCDemo\Server\react-native-webrtc-server\node_modules\.bin;C:\Users\Punkrawk\.babun\cygwin\home\Punkrawk\.local\bin;C:\Users\Punkrawk\.babun\cygwin\usr\local\bin;C:\Users\Punkrawk\.babun\cygwin\usr\local\bin;C:\Users\Punkrawk\.babun\cygwin\bin;C:\Users\Punkrawk\.babun\cygwin\home\Punkrawk\.local\bin;C:\Program Files\NVIDIA GPU Computing Toolkit\CUDA\v9.0\bin;C:\Program Files\NVIDIA GPU Computing Toolkit\CUDA\v9.0\libnvvp;C:\Python27;C:\Python27\Scripts;C:\Program Files (x86)\Python36-32\Scripts;C:\Program Files (x86)\Python36-32;C:\ProgramData\Oracle\Java\javapath;C:\WINDOWS\system32;C:\WINDOWS;C:\WINDOWS\System32\Wbem;C:\WINDOWS\System32\WindowsPowerShell\v1.0;C:\Program Files\nodejs;C:\Program Files\PuTTY;C:\Program Files (x86)\NVIDIA Corporation\PhysX\Common;C:\Program Files\Genymobile\Genymotion\tools;C:\Users\Punkrawk\AppData\Local\Microsoft\WindowsApps;C:\Users\Punkrawk\.babun;C:\Users\Punkrawk\AppData\Roaming\npm;C:\Users\Punkrawk\AppData\Local\atom\bin;C:\Program Files\Microsoft VS Code\bin;C:\Program Files\Java\jdk-9.0.1\bin;C:\Program Files\Genymobile\Genymotion\tools
10 verbose lifecycle react-native-webrtc-server@0.0.1~start: CWD: C:\Users\Punkrawk\Desktop\test video\RCTWebRTCDemo\Server\react-native-webrtc-server
11 silly lifecycle react-native-webrtc-server@0.0.1~start: Args: [ '/d /s /c', 'LOCAL=TRUE node app.js' ]
12 silly lifecycle react-native-webrtc-server@0.0.1~start: Returned: code: 1  signal: null
13 info lifecycle react-native-webrtc-server@0.0.1~start: Failed to exec start script
14 verbose stack Error: react-native-webrtc-server@0.0.1 start: `LOCAL=TRUE node app.js`
14 verbose stack Exit status 1
14 verbose stack     at EventEmitter.<anonymous> (C:\Program Files\nodejs\node_modules\npm\lib\utils\lifecycle.js:255:16)
14 verbose stack     at emitTwo (events.js:106:13)
14 verbose stack     at EventEmitter.emit (events.js:191:7)
14 verbose stack     at ChildProcess.<anonymous> (C:\Program Files\nodejs\node_modules\npm\lib\utils\spawn.js:40:14)
14 verbose stack     at emitTwo (events.js:106:13)
14 verbose stack     at ChildProcess.emit (events.js:191:7)
14 verbose stack     at maybeClose (internal/child_process.js:920:16)
14 verbose stack     at Process.ChildProcess._handle.onexit (internal/child_process.js:230:5)
15 verbose pkgid react-native-webrtc-server@0.0.1
16 verbose cwd C:\Users\Punkrawk\Desktop\test video\RCTWebRTCDemo\Server\react-native-webrtc-server
17 error Windows_NT 10.0.15063
18 error argv "C:\\Program Files\\nodejs\\node.exe" "C:\\Program Files\\nodejs\\node_modules\\npm\\bin\\npm-cli.js" "start"
19 error node v6.11.4
20 error npm  v3.10.10
21 error code ELIFECYCLE
22 error react-native-webrtc-server@0.0.1 start: `LOCAL=TRUE node app.js`
22 error Exit status 1
23 error Failed at the react-native-webrtc-server@0.0.1 start script 'LOCAL=TRUE node app.js'.
23 error Make sure you have the latest version of node.js and npm installed.
23 error If you do, this is most likely a problem with the react-native-webrtc-server package,
23 error not with npm itself.
23 error Tell the author that this fails on your system:
23 error     LOCAL=TRUE node app.js
23 error You can get information on how to open an issue for this project with:
23 error     npm bugs react-native-webrtc-server
23 error Or if that isn't available, you can get their info via:
23 error     npm owner ls react-native-webrtc-server
23 error There is likely additional logging output above.
24 verbose exit [ 1, true ]
